<?xml version="1.0" encoding="UTF-8"?>
<!-- Generated by org.testng.reporters.JUnitReportReporter -->
<testsuite hostname="WTIN06575208L" failures="0" tests="1" name="Project3.Goibibo.Testcase12" time="51.656" errors="0" timestamp="2024-03-13T17:22:00 IST" skipped="0">
  <testcase classname="Project3.Goibibo.Testcase12" name="goibibotestcase12" time="51.656">
    <system-out>
      <![CDATA[Test case Started
Test case passed]]>
    </system-out>
  </testcase> <!-- goibibotestcase12 -->
  <system-out>
    <![CDATA[Test case Started1
Test case Started
Test case passed
Test case Started
Test case passed
Test case Started
Test case passed
Test case Started
Test case passed
Test case Started
Test case Failed
Test case Started
Test case passed
Test case Started
Test case passed
Test case Started
Test case passed
Test case Started
Test case Failed
Test case Started
Test case passed
Test case Started
Test case passed
Test case Started
Test case passed
Test case Started
Test case passed
Test case Started
Test case Failed
Test case Started
Test case passed]]>
  </system-out>
</testsuite> <!-- Project3.Goibibo.Testcase12 -->
